Release 10.1 - xst K.39 (nt)
Copyright (c) 1995-2008 Xilinx, Inc.  All rights reserved.
--> Parameter TMPDIR set to Z:/Desktop/Xilinx/VGA/VGA/xst/projnav.tmp


Total REAL time to Xst completion: 1.00 secs
Total CPU time to Xst completion: 0.14 secs
 
--> Parameter xsthdpdir set to Z:/Desktop/Xilinx/VGA/VGA/xst


Total REAL time to Xst completion: 1.00 secs
Total CPU time to Xst completion: 0.15 secs
 
--> Reading design: VGA_top.prj

TABLE OF CONTENTS
  1) Synthesis Options Summary
  2) HDL Compilation
  3) Design Hierarchy Analysis
  4) HDL Analysis
  5) HDL Synthesis
     5.1) HDL Synthesis Report
  6) Advanced HDL Synthesis
     6.1) Advanced HDL Synthesis Report
  7) Low Level Synthesis
  8) Partition Report
  9) Final Report
     9.1) Device utilization summary
     9.2) Partition Resource Summary
     9.3) TIMING REPORT


=========================================================================
*                      Synthesis Options Summary                        *
=========================================================================
---- Source Parameters
Input File Name                    : "VGA_top.prj"
Input Format                       : mixed
Ignore Synthesis Constraint File   : NO

---- Target Parameters
Output File Name                   : "VGA_top"
Output Format                      : NGC
Target Device                      : xc3s500e-5-fg320

---- Source Options
Top Module Name                    : VGA_top
Automatic FSM Extraction           : YES
FSM Encoding Algorithm             : Auto
Safe Implementation                : No
FSM Style                          : lut
RAM Extraction                     : Yes
RAM Style                          : Auto
ROM Extraction                     : Yes
Mux Style                          : Auto
Decoder Extraction                 : YES
Priority Encoder Extraction        : YES
Shift Register Extraction          : YES
Logical Shifter Extraction         : YES
XOR Collapsing                     : YES
ROM Style                          : Auto
Mux Extraction                     : YES
Resource Sharing                   : YES
Asynchronous To Synchronous        : NO
Multiplier Style                   : auto
Automatic Register Balancing       : No

---- Target Options
Add IO Buffers                     : YES
Global Maximum Fanout              : 500
Add Generic Clock Buffer(BUFG)     : 24
Register Duplication               : YES
Slice Packing                      : YES
Optimize Instantiated Primitives   : NO
Use Clock Enable                   : Yes
Use Synchronous Set                : Yes
Use Synchronous Reset              : Yes
Pack IO Registers into IOBs        : auto
Equivalent register Removal        : YES

---- General Options
Optimization Goal                  : Speed
Optimization Effort                : 1
Library Search Order               : VGA_top.lso
Keep Hierarchy                     : NO
Netlist Hierarchy                  : as_optimized
RTL Output                         : Yes
Global Optimization                : AllClockNets
Read Cores                         : YES
Write Timing Constraints           : NO
Cross Clock Analysis               : NO
Hierarchy Separator                : /
Bus Delimiter                      : <>
Case Specifier                     : maintain
Slice Utilization Ratio            : 100
BRAM Utilization Ratio             : 100
Verilog 2001                       : YES
Auto BRAM Packing                  : NO
Slice Utilization Ratio Delta      : 5

=========================================================================


=========================================================================
*                          HDL Compilation                              *
=========================================================================
Compiling verilog file "VGA.v" in library work
Compiling verilog file "VGA_top.v" in library work
Module <VGA> compiled
Module <VGA_top> compiled
No errors in compilation
Analysis of file <"VGA_top.prj"> succeeded.
 

=========================================================================
*                     Design Hierarchy Analysis                         *
=========================================================================
Analyzing hierarchy for module <VGA_top> in library <work>.

Analyzing hierarchy for module <VGA> in library <work>.


=========================================================================
*                            HDL Analysis                               *
=========================================================================
Analyzing top module <VGA_top>.
Module <VGA_top> is correct for synthesis.
 
Analyzing module <VGA> in library <work>.
Module <VGA> is correct for synthesis.
 

=========================================================================
*                           HDL Synthesis                               *
=========================================================================

Performing bidirectional port resolution...

Synthesizing Unit <VGA>.
    Related source file is "VGA.v".
    Found 1-bit register for signal <Vsync>.
    Found 1-bit register for signal <Hsync>.
    Found 11-bit up counter for signal <HCount>.
    Found 11-bit comparator greatequal for signal <HCount$cmp_ge0000> created at line 29.
    Found 11-bit comparator greater for signal <Hsync$cmp_gt0000> created at line 37.
    Found 11-bit comparator less for signal <Hsync$cmp_lt0000> created at line 37.
    Found 11-bit comparator less for signal <R$cmp_lt0000> created at line 23.
    Found 11-bit comparator less for signal <R$cmp_lt0001> created at line 23.
    Found 11-bit up counter for signal <VCount>.
    Found 11-bit comparator greatequal for signal <VCount$cmp_ge0000> created at line 47.
    Found 11-bit comparator greater for signal <Vsync$cmp_gt0000> created at line 42.
    Found 11-bit comparator less for signal <Vsync$cmp_lt0000> created at line 42.
    Summary:
	inferred   2 Counter(s).
	inferred   2 D-type flip-flop(s).
	inferred   8 Comparator(s).
Unit <VGA> synthesized.


Synthesizing Unit <VGA_top>.
    Related source file is "VGA_top.v".
WARNING:Xst:646 - Signal <YCoord> is assigned but never used. This unconnected signal will be trimmed during the optimization process.
WARNING:Xst:646 - Signal <XCoord> is assigned but never used. This unconnected signal will be trimmed during the optimization process.
    Found 1-bit register for signal <CLK25MHz>.
    Summary:
	inferred   1 D-type flip-flop(s).
Unit <VGA_top> synthesized.


=========================================================================
HDL Synthesis Report

Macro Statistics
# Counters                                             : 2
 11-bit up counter                                     : 2
# Registers                                            : 3
 1-bit register                                        : 3
# Comparators                                          : 8
 11-bit comparator greatequal                          : 2
 11-bit comparator greater                             : 2
 11-bit comparator less                                : 4

=========================================================================

=========================================================================
*                       Advanced HDL Synthesis                          *
=========================================================================

Loading device for application Rf_Device from file '3s500e.nph' in environment C:\Xilinx\10.1\ISE.

=========================================================================
Advanced HDL Synthesis Report

Macro Statistics
# Counters                                             : 2
 11-bit up counter                                     : 2
# Registers                                            : 3
 Flip-Flops                                            : 3
# Comparators                                          : 8
 11-bit comparator greatequal                          : 2
 11-bit comparator greater                             : 2
 11-bit comparator less                                : 4

=========================================================================

=========================================================================
*                         Low Level Synthesis                           *
=========================================================================

Optimizing unit <VGA_top> ...

Optimizing unit <VGA> ...

Mapping all equations...
Building and optimizing final netlist ...
Found area constraint ratio of 100 (+ 5) on block VGA_top, actual ratio is 0.

Final Macro Processing ...

=========================================================================
Final Register Report

Macro Statistics
# Registers                                            : 25
 Flip-Flops                                            : 25

=========================================================================

=========================================================================
*                           Partition Report                             *
=========================================================================

Partition Implementation Status
-------------------------------

  No Partitions were found in this design.

-------------------------------

=========================================================================
*                            Final Report                               *
=========================================================================
Final Results
RTL Top Level Output File Name     : VGA_top.ngr
Top Level Output File Name         : VGA_top
Output Format                      : NGC
Optimization Goal                  : Speed
Keep Hierarchy                     : NO

Design Statistics
# IOs                              : 19

Cell Usage :
# BELS                             : 137
#      GND                         : 1
#      INV                         : 9
#      LUT1                        : 25
#      LUT2                        : 8
#      LUT3                        : 5
#      LUT3_L                      : 1
#      LUT4                        : 20
#      LUT4_L                      : 1
#      MUXCY                       : 44
#      VCC                         : 1
#      XORCY                       : 22
# FlipFlops/Latches                : 25
#      FDR                         : 14
#      FDRE                        : 11
# Clock Buffers                    : 2
#      BUFG                        : 1
#      BUFGP                       : 1
# IO Buffers                       : 18
#      IBUF                        : 8
#      OBUF                        : 10
=========================================================================

Device utilization summary:
---------------------------

Selected Device : 3s500efg320-5 

 Number of Slices:                       40  out of   4656     0%  
 Number of Slice Flip Flops:             25  out of   9312     0%  
 Number of 4 input LUTs:                 69  out of   9312     0%  
 Number of IOs:                          19
 Number of bonded IOBs:                  19  out of    232     8%  
 Number of GCLKs:                         2  out of     24     8%  

---------------------------
Partition Resource Summary:
---------------------------

  No Partitions were found in this design.

---------------------------


=========================================================================
TIMING REPORT

NOTE: THESE TIMING NUMBERS ARE ONLY A SYNTHESIS ESTIMATE.
      FOR ACCURATE TIMING INFORMATION PLEASE REFER TO THE TRACE REPORT
      GENERATED AFTER PLACE-and-ROUTE.

Clock Information:
------------------
-----------------------------------+------------------------+-------+
Clock Signal                       | Clock buffer(FF name)  | Load  |
-----------------------------------+------------------------+-------+
CLK25MHz1                          | BUFG                   | 24    |
CLK                                | BUFGP                  | 1     |
-----------------------------------+------------------------+-------+

Asynchronous Control Signals Information:
----------------------------------------
No asynchronous control signals found in this design

Timing Summary:
---------------
Speed Grade: -5

   Minimum period: 5.115ns (Maximum Frequency: 195.509MHz)
   Minimum input arrival time before clock: No path found
   Maximum output required time after clock: 8.775ns
   Maximum combinational path delay: 8.199ns

Timing Detail:
--------------
All values displayed in nanoseconds (ns)

=========================================================================
Timing constraint: Default period analysis for Clock 'CLK25MHz1'
  Clock period: 5.115ns (frequency: 195.509MHz)
  Total number of paths / destination ports: 515 / 57
-------------------------------------------------------------------------
Delay:               5.115ns (Levels of Logic = 10)
  Source:            VGA_out1/HCount_0 (FF)
  Destination:       VGA_out1/Hsync (FF)
  Source Clock:      CLK25MHz1 rising
  Destination Clock: CLK25MHz1 rising

  Data Path: VGA_out1/HCount_0 to VGA_out1/Hsync
                                Gate     Net
    Cell:in->out      fanout   Delay   Delay  Logical Name (Net Name)
    ----------------------------------------  ------------
     FDR:C->Q              3   0.514   0.603  VGA_out1/HCount_0 (VGA_out1/HCount_0)
     LUT2:I0->O            1   0.612   0.000  VGA_out1/Mcompar_R_cmp_lt0000_lut<0>1 (VGA_out1/Mcompar_R_cmp_lt0000_lut<0>1)
     MUXCY:S->O            1   0.404   0.000  VGA_out1/Mcompar_R_cmp_lt0000_cy<0>_0 (VGA_out1/Mcompar_R_cmp_lt0000_cy<0>1)
     MUXCY:CI->O           1   0.052   0.000  VGA_out1/Mcompar_R_cmp_lt0000_cy<1>_0 (VGA_out1/Mcompar_R_cmp_lt0000_cy<1>1)
     MUXCY:CI->O           1   0.052   0.000  VGA_out1/Mcompar_R_cmp_lt0000_cy<2>_0 (VGA_out1/Mcompar_R_cmp_lt0000_cy<2>1)
     MUXCY:CI->O           1   0.052   0.000  VGA_out1/Mcompar_R_cmp_lt0000_cy<3>_0 (VGA_out1/Mcompar_R_cmp_lt0000_cy<3>1)
     MUXCY:CI->O           1   0.052   0.000  VGA_out1/Mcompar_R_cmp_lt0000_cy<4>_0 (VGA_out1/Mcompar_R_cmp_lt0000_cy<4>)
     MUXCY:CI->O           1   0.052   0.000  VGA_out1/Mcompar_R_cmp_lt0000_cy<5> (VGA_out1/Mcompar_R_cmp_lt0000_cy<5>)
     MUXCY:CI->O           1   0.052   0.000  VGA_out1/Mcompar_R_cmp_lt0000_cy<6> (VGA_out1/Mcompar_R_cmp_lt0000_cy<6>)
     MUXCY:CI->O           1   0.399   0.509  VGA_out1/Mcompar_R_cmp_lt0000_cy<7> (VGA_out1/Mcompar_R_cmp_lt0000_cy<7>)
     LUT4:I0->O            1   0.612   0.357  VGA_out1/Hsync_not000168 (VGA_out1/Hsync_not0001)
     FDR:R                     0.795          VGA_out1/Hsync
    ----------------------------------------
    Total                      5.115ns (3.646ns logic, 1.469ns route)
                                       (71.3% logic, 28.7% route)

=========================================================================
Timing constraint: Default period analysis for Clock 'CLK'
  Clock period: 1.689ns (frequency: 592.084MHz)
  Total number of paths / destination ports: 1 / 1
-------------------------------------------------------------------------
Delay:               1.689ns (Levels of Logic = 0)
  Source:            CLK25MHz (FF)
  Destination:       CLK25MHz (FF)
  Source Clock:      CLK rising
  Destination Clock: CLK rising

  Data Path: CLK25MHz to CLK25MHz
                                Gate     Net
    Cell:in->out      fanout   Delay   Delay  Logical Name (Net Name)
    ----------------------------------------  ------------
     FDR:C->Q              2   0.514   0.380  CLK25MHz (CLK25MHz1)
     FDR:R                     0.795          CLK25MHz
    ----------------------------------------
    Total                      1.689ns (1.309ns logic, 0.380ns route)
                                       (77.5% logic, 22.5% route)

=========================================================================
Timing constraint: Default OFFSET OUT AFTER for Clock 'CLK25MHz1'
  Total number of paths / destination ports: 82 / 10
-------------------------------------------------------------------------
Offset:              8.775ns (Levels of Logic = 5)
  Source:            VGA_out1/VCount_7 (FF)
  Destination:       G<2> (PAD)
  Source Clock:      CLK25MHz1 rising

  Data Path: VGA_out1/VCount_7 to G<2>
                                Gate     Net
    Cell:in->out      fanout   Delay   Delay  Logical Name (Net Name)
    ----------------------------------------  ------------
     FDRE:C->Q             5   0.514   0.690  VGA_out1/VCount_7 (VGA_out1/VCount_7)
     LUT4:I0->O            1   0.612   0.387  VGA_out1/R_and000012 (VGA_out1/R_and000012)
     LUT4:I2->O            1   0.612   0.426  VGA_out1/R_and000042_SW0 (N19)
     LUT4:I1->O            5   0.612   0.690  VGA_out1/R_and000042 (VGA_out1/R_and0000)
     LUT4:I0->O            3   0.612   0.451  VGA_out1/G<0>31 (G_0_OBUF)
     OBUF:I->O                 3.169          G_2_OBUF (G<2>)
    ----------------------------------------
    Total                      8.775ns (6.131ns logic, 2.644ns route)
                                       (69.9% logic, 30.1% route)

=========================================================================
Timing constraint: Default path analysis
  Total number of paths / destination ports: 64 / 8
-------------------------------------------------------------------------
Delay:               8.199ns (Levels of Logic = 5)
  Source:            SW7 (PAD)
  Destination:       B<1> (PAD)

  Data Path: SW7 to B<1>
                                Gate     Net
    Cell:in->out      fanout   Delay   Delay  Logical Name (Net Name)
    ----------------------------------------  ------------
     IBUF:I->O             5   1.106   0.690  SW7_IBUF (SW7_IBUF)
     LUT4:I0->O            1   0.612   0.509  VGA_out1/B<0>11 (VGA_out1/B<0>11)
     LUT4:I0->O            1   0.612   0.509  VGA_out1/B<0>30 (VGA_out1/B<0>30)
     LUT3:I0->O            2   0.612   0.380  VGA_out1/B<0>41 (B_0_OBUF)
     OBUF:I->O                 3.169          B_1_OBUF (B<1>)
    ----------------------------------------
    Total                      8.199ns (6.111ns logic, 2.088ns route)
                                       (74.5% logic, 25.5% route)

=========================================================================


Total REAL time to Xst completion: 8.00 secs
Total CPU time to Xst completion: 7.13 secs
 
--> 

Total memory usage is 196468 kilobytes

Number of errors   :    0 (   0 filtered)
Number of warnings :    2 (   0 filtered)
Number of infos    :    0 (   0 filtered)

